   Compiling nk-crypto-tool v0.1.0 (/home/bazzite/ドキュメント/src/nkCryptoTool-rust)
warning: unused import: `crate::backend`
 --> src/key/tpm.rs:9:5
  |
9 | use crate::backend;
  |     ^^^^^^^^^^^^^^
  |
  = note: `#[warn(unused_imports)]` (part of `#[warn(unused)]`) on by default

warning: unused import: `crate::backend::AeadBackend`
  --> src/key/tpm.rs:10:5
   |
10 | use crate::backend::AeadBackend;
   |     ^^^^^^^^^^^^^^^^^^^^^^^^^^^

warning: unused import: `chacha20::cipher::StreamCipherSeek`
  --> src/backend/rustcrypto_impl.rs:33:13
   |
33 |     pub use chacha20::cipher::StreamCipherSeek;
   |             ^^^^^^^^^^^^^^^^^^^^^^^^^^^^^^^^^^

warning: unused import: `sha3::Sha3_256`
  --> src/network.rs:15:5
   |
15 | use sha3::Sha3_256;
   |     ^^^^^^^^^^^^^^

warning: unused variable: `algo`
   --> src/backend/rustcrypto_impl.rs:524:18
    |
524 | pub fn pqc_encap(algo: &str, peer_pub_der: &[u8]) -> Result<(Ve...
    |                  ^^^^ help: if this is intentional, prefix it with an underscore: `_algo`
    |
    = note: `#[warn(unused_variables)]` (part of `#[warn(unused)]`) on by default

warning: unused variable: `algo`
   --> src/backend/rustcrypto_impl.rs:558:18
    |
558 | pub fn pqc_decap(algo: &str, priv_der: &[u8], kem_ct: &[u8], pa...
    |                  ^^^^ help: if this is intentional, prefix it with an underscore: `_algo`

warning: `nk-crypto-tool` (lib) generated 6 warnings (run `cargo fix --lib -p nk-crypto-tool` to apply 6 suggestions)
    Finished `dev` profile [unoptimized + debuginfo] target(s) in 0.80s
     Running `target/debug/nk-crypto-tool --mode pqc --listen '127.0.0.1:9990' --chat --signing-privkey server_keys/private_sign_pqc.key --signing-pubkey client_keys/public_sign_pqc.key`
AES-NI is available!
Listening on 127.0.0.1:9990...
Connection accepted from 127.0.0.1:43730
DEBUG: Server transcript (first 64 bytes): [4e, 4b, 43, 54, 04, 00, 0b, 00, 00, 00, 41, 45, 53, 2d, 32, 35, 36, 2d, 47, 43, 4d, 5b, 00, 00, 00, 30, 59, 30, 13, 06, 07, 2a, 86, 48, ce, 3d, 02, 01, 06, 08, 2a, 86, 48, ce, 3d, 03, 01, 07, 03, 42, 00, 04, 28, e1, 96, 0e, 04, d6, e0, 18, 6d, c5, 25, 89]
DEBUG: Server transcript hash: 62f31d1c0a74891fd4b6089e44c5b6885546ccb9349fb092c3b57d662ba968d5
DEBUG: Server auth_flag: 1, transcript len after auth: 1305, hash: be6e21bb53d3ef8445a764e1601958e19a5194b13e95e65e92f92794659acce7
DEBUG: Server received client_sig len: 3309
Connection error with 127.0.0.1:43730: Signature verification failed
