warning: unused import: `crate::backend`
 --> src/key/tpm.rs:9:5
  |
9 | use crate::backend;
  |     ^^^^^^^^^^^^^^
  |
  = note: `#[warn(unused_imports)]` (part of `#[warn(unused)]`) on by default

warning: unused import: `crate::backend::AeadBackend`
  --> src/key/tpm.rs:10:5
   |
10 | use crate::backend::AeadBackend;
   |     ^^^^^^^^^^^^^^^^^^^^^^^^^^^

warning: unused import: `sha3::Sha3_256`
  --> src/network.rs:15:5
   |
15 | use sha3::Sha3_256;
   |     ^^^^^^^^^^^^^^

warning: unused variable: `algo`
   --> src/backend/rustcrypto_impl.rs:519:18
    |
519 | pub fn pqc_encap(algo: &str, peer_pub_der: &[u8]) -> Result<(Ve...
    |                  ^^^^ help: if this is intentional, prefix it with an underscore: `_algo`
    |
    = note: `#[warn(unused_variables)]` (part of `#[warn(unused)]`) on by default

warning: unused variable: `algo`
   --> src/backend/rustcrypto_impl.rs:550:18
    |
550 | pub fn pqc_decap(algo: &str, priv_der: &[u8], kem_ct: &[u8], _p...
    |                  ^^^^ help: if this is intentional, prefix it with an underscore: `_algo`

warning: `nk-crypto-tool` (lib) generated 5 warnings (run `cargo fix --lib -p nk-crypto-tool` to apply 5 suggestions)
    Finished `dev` profile [unoptimized + debuginfo] target(s) in 0.04s
     Running `target/debug/nk-crypto-tool --mode pqc --listen '127.0.0.1:9980' --chat --signing-privkey server_keys_v2/private_sign_pqc.key --signing-pubkey server_keys_v2/client_pub.key`
AES-NI is available!
Listening on 127.0.0.1:9980...
Connection accepted from 127.0.0.1:56966
DEBUG: Server transcript (first 64 bytes): [4e, 4b, 43, 54, 04, 00, 0b, 00, 00, 00, 41, 45, 53, 2d, 32, 35, 36, 2d, 47, 43, 4d, 5b, 00, 00, 00, 30, 59, 30, 13, 06, 07, 2a, 86, 48, ce, 3d, 02, 01, 06, 08, 2a, 86, 48, ce, 3d, 03, 01, 07, 03, 42, 00, 04, 69, f5, e2, 2e, 20, 50, 0e, f2, 99, 73, e9, 10]
DEBUG: Server transcript hash: d33ecb13c7f8739f11c31ff4f99e291579cb8921cc953d586eb6e65a44eb1697
DEBUG: Server auth_flag: 1, transcript len after auth: 1305, hash: 58d398994ad01ec0a3678510e3fcb5bc71019c5099dfd08728e33f97d223a176
DEBUG: Server received client_sig len: 3309
Client authenticated successfully.
Sent server signature for authentication.
Handshake completed. Using AEAD: AES-256-GCM
--- Chat mode started ---
> --- Chat ended ---
