warning: unused import: `crate::backend`
 --> src/key/tpm.rs:9:5
  |
9 | use crate::backend;
  |     ^^^^^^^^^^^^^^
  |
  = note: `#[warn(unused_imports)]` (part of `#[warn(unused)]`) on by default

warning: unused import: `crate::backend::AeadBackend`
  --> src/key/tpm.rs:10:5
   |
10 | use crate::backend::AeadBackend;
   |     ^^^^^^^^^^^^^^^^^^^^^^^^^^^

warning: unused import: `sha3::Sha3_256`
  --> src/network.rs:15:5
   |
15 | use sha3::Sha3_256;
   |     ^^^^^^^^^^^^^^

warning: unused variable: `algo`
   --> src/backend/rustcrypto_impl.rs:519:18
    |
519 | pub fn pqc_encap(algo: &str, peer_pub_der: &[u8]) -> Result<(Ve...
    |                  ^^^^ help: if this is intentional, prefix it with an underscore: `_algo`
    |
    = note: `#[warn(unused_variables)]` (part of `#[warn(unused)]`) on by default

warning: unused variable: `algo`
   --> src/backend/rustcrypto_impl.rs:550:18
    |
550 | pub fn pqc_decap(algo: &str, priv_der: &[u8], kem_ct: &[u8], _p...
    |                  ^^^^ help: if this is intentional, prefix it with an underscore: `_algo`

warning: `nk-crypto-tool` (lib) generated 5 warnings (run `cargo fix --lib -p nk-crypto-tool` to apply 5 suggestions)
    Finished `dev` profile [unoptimized + debuginfo] target(s) in 0.03s
     Running `target/debug/nk-crypto-tool --mode pqc --listen '127.0.0.1:9981' --chat --signing-privkey server_keys_v2/private_sign_pqc.key --signing-pubkey client_keys_v2/public_sign_pqc.key`
AES-NI is available!
Listening on 127.0.0.1:9981...
Connection accepted from 127.0.0.1:55990
DEBUG: Server transcript (first 64 bytes): [4e, 4b, 43, 54, 04, 00, 0b, 00, 00, 00, 41, 45, 53, 2d, 32, 35, 36, 2d, 47, 43, 4d, 5b, 00, 00, 00, 30, 59, 30, 13, 06, 07, 2a, 86, 48, ce, 3d, 02, 01, 06, 08, 2a, 86, 48, ce, 3d, 03, 01, 07, 03, 42, 00, 04, 33, 3f, 50, 67, 00, 94, fe, 11, 0d, de, 8d, b3]
DEBUG: Server transcript hash: 6899411c2780feda6c371a2635267a55dc4a068433c274bd32d30b229c755af3
DEBUG: Server auth_flag: 1, transcript len after auth: 1305, hash: 03dc9260e9ec9efc9c3a86f863b71f33f230d49bb7a49ffc01c2d0bac1cf818e
DEBUG: Server received client_sig len: 3309
Connection error with 127.0.0.1:55990: Error reading file: No such file or directory (os error 2)
