   Compiling nk-crypto-tool v0.1.0 (/home/bazzite/ドキュメント/src/nkCryptoTool-rust)
warning: unused import: `crate::backend`
 --> src/key/tpm.rs:9:5
  |
9 | use crate::backend;
  |     ^^^^^^^^^^^^^^
  |
  = note: `#[warn(unused_imports)]` (part of `#[warn(unused)]`) on by default

warning: unused import: `crate::backend::AeadBackend`
  --> src/key/tpm.rs:10:5
   |
10 | use crate::backend::AeadBackend;
   |     ^^^^^^^^^^^^^^^^^^^^^^^^^^^

warning: unused import: `chacha20::cipher::StreamCipherSeek`
  --> src/backend/rustcrypto_impl.rs:33:13
   |
33 |     pub use chacha20::cipher::StreamCipherSeek;
   |             ^^^^^^^^^^^^^^^^^^^^^^^^^^^^^^^^^^

warning: unused import: `sha3::Sha3_256`
  --> src/network.rs:15:5
   |
15 | use sha3::Sha3_256;
   |     ^^^^^^^^^^^^^^

warning: unused variable: `algo`
   --> src/backend/rustcrypto_impl.rs:524:18
    |
524 | pub fn pqc_encap(algo: &str, peer_pub_der: &[u8]) -> Result<(Ve...
    |                  ^^^^ help: if this is intentional, prefix it with an underscore: `_algo`
    |
    = note: `#[warn(unused_variables)]` (part of `#[warn(unused)]`) on by default

warning: unused variable: `algo`
   --> src/backend/rustcrypto_impl.rs:558:18
    |
558 | pub fn pqc_decap(algo: &str, priv_der: &[u8], kem_ct: &[u8], pa...
    |                  ^^^^ help: if this is intentional, prefix it with an underscore: `_algo`

warning: `nk-crypto-tool` (lib) generated 6 warnings (run `cargo fix --lib -p nk-crypto-tool` to apply 6 suggestions)
    Finished `dev` profile [unoptimized + debuginfo] target(s) in 0.78s
     Running `target/debug/nk-crypto-tool --mode pqc --listen '127.0.0.1:9991' --chat --signing-privkey server_keys/private_sign_pqc.key --signing-pubkey client_keys/public_sign_pqc.key`
AES-NI is available!
Listening on 127.0.0.1:9991...
Connection accepted from 127.0.0.1:60022
DEBUG: Server transcript len: 1304, hash: 3125089f9fbeb07520e3944aa506be9d14d467e920d70bb3f94a54b2e3a126cf
DEBUG: Server auth_flag: 1, transcript len after auth: 1305, hash: ed59a79b51f5a52b0eee6ec9116224a979522b2036b1a700aff40d5dbc26ad15
DEBUG: Server received client_sig len: 3309
Connection error with 127.0.0.1:60022: Signature verification failed
